<?xml version="1.0" encoding="UTF-8"?>
<testsuite name="com.hatef.swedbank.loanapi.api.LoanControllerTest" tests="3" skipped="0" failures="0" errors="0" timestamp="2020-04-21T20:45:07" hostname="MacBook-Pro.local" time="0.376">
  <properties/>
  <testcase name="givenSomeLoanIsSentRecently_shouldReturnStatistics" classname="com.hatef.swedbank.loanapi.api.LoanControllerTest" time="0.177"/>
  <testcase name="givenLoanRequest_whenManagerApproves_thenChangeLoanStatusToApproved" classname="com.hatef.swedbank.loanapi.api.LoanControllerTest" time="0.177"/>
  <testcase name="givenLoanDetails_whenSendRequest_thenReturnLoanRequest" classname="com.hatef.swedbank.loanapi.api.LoanControllerTest" time="0.019"/>
  <system-out><![CDATA[2020-04-21 23:45:06.476  INFO 15345 --- [    Test worker] .b.t.a.w.s.WebMvcTestContextBootstrapper : Neither @ContextConfiguration nor @ContextHierarchy found for test class [com.hatef.swedbank.loanapi.api.LoanControllerTest], using SpringBootContextLoader
2020-04-21 23:45:06.476  INFO 15345 --- [    Test worker] o.s.t.c.support.AbstractContextLoader    : Could not detect default resource locations for test class [com.hatef.swedbank.loanapi.api.LoanControllerTest]: no resource found for suffixes {-context.xml, Context.groovy}.
2020-04-21 23:45:06.477  INFO 15345 --- [    Test worker] t.c.s.AnnotationConfigContextLoaderUtils : Could not detect default configuration classes for test class [com.hatef.swedbank.loanapi.api.LoanControllerTest]: LoanControllerTest does not declare any static, non-private, non-final, nested classes annotated with @Configuration.
2020-04-21 23:45:06.500  INFO 15345 --- [    Test worker] .b.t.c.SpringBootTestContextBootstrapper : Found @SpringBootConfiguration com.hatef.swedbank.loanapi.LoanapiApplication for test class com.hatef.swedbank.loanapi.api.LoanControllerTest
2020-04-21 23:45:06.501  INFO 15345 --- [    Test worker] .b.t.a.w.s.WebMvcTestContextBootstrapper : Loaded default TestExecutionListener class names from location [META-INF/spring.factories]: [org.springframework.boot.test.autoconfigure.restdocs.RestDocsTestExecutionListener, org.springframework.boot.test.autoconfigure.web.client.MockRestServiceServerResetTestExecutionListener, org.springframework.boot.test.autoconfigure.web.servlet.MockMvcPrintOnlyOnFailureTestExecutionListener, org.springframework.boot.test.autoconfigure.web.servlet.WebDriverTestExecutionListener, org.springframework.boot.test.mock.mockito.MockitoTestExecutionListener, org.springframework.boot.test.mock.mockito.ResetMocksTestExecutionListener, org.springframework.test.context.web.ServletTestExecutionListener, org.springframework.test.context.support.DirtiesContextBeforeModesTestExecutionListener, org.springframework.test.context.support.DependencyInjectionTestExecutionListener, org.springframework.test.context.support.DirtiesContextTestExecutionListener, org.springframework.test.context.transaction.TransactionalTestExecutionListener, org.springframework.test.context.jdbc.SqlScriptsTestExecutionListener, org.springframework.test.context.event.EventPublishingTestExecutionListener]
2020-04-21 23:45:06.503  INFO 15345 --- [    Test worker] .b.t.a.w.s.WebMvcTestContextBootstrapper : Using TestExecutionListeners: [org.springframework.test.context.web.ServletTestExecutionListener@53ea37d1, org.springframework.test.context.support.DirtiesContextBeforeModesTestExecutionListener@7a1e8e53, org.springframework.boot.test.mock.mockito.MockitoTestExecutionListener@35e57f13, org.springframework.boot.test.autoconfigure.SpringBootDependencyInjectionTestExecutionListener@1f559e8c, org.springframework.test.context.support.DirtiesContextTestExecutionListener@1d036608, org.springframework.test.context.event.EventPublishingTestExecutionListener@13e10fed, org.springframework.boot.test.autoconfigure.restdocs.RestDocsTestExecutionListener@d62f765, org.springframework.boot.test.autoconfigure.web.client.MockRestServiceServerResetTestExecutionListener@3ef0b9bb, org.springframework.boot.test.autoconfigure.web.servlet.MockMvcPrintOnlyOnFailureTestExecutionListener@3845bb4b, org.springframework.boot.test.autoconfigure.web.servlet.WebDriverTestExecutionListener@23c045c9, org.springframework.boot.test.mock.mockito.ResetMocksTestExecutionListener@3983470b]

  .   ____          _            __ _ _
 /\\ / ___'_ __ _ _(_)_ __  __ _ \ \ \ \
( ( )\___ | '_ | '_| | '_ \/ _` | \ \ \ \
 \\/  ___)| |_)| | | | | || (_| |  ) ) ) )
  '  |____| .__|_| |_|_| |_\__, | / / / /
 =========|_|==============|___/=/_/_/_/
 :: Spring Boot ::        (v2.2.5.RELEASE)

2020-04-21 23:45:06.540  INFO 15345 --- [    Test worker] c.h.s.loanapi.api.LoanControllerTest     : Starting LoanControllerTest on MacBook-Pro.local with PID 15345 (started by hatefpalizgar in /Users/hatefpalizgar/Downloads/loan-restapi-springboot)
2020-04-21 23:45:06.542  INFO 15345 --- [    Test worker] c.h.s.loanapi.api.LoanControllerTest     : No active profile set, falling back to default profiles: default
2020-04-21 23:45:06.846  INFO 15345 --- [    Test worker] o.s.s.concurrent.ThreadPoolTaskExecutor  : Initializing ExecutorService 'applicationTaskExecutor'
2020-04-21 23:45:06.985  INFO 15345 --- [    Test worker] o.s.b.t.m.w.SpringBootMockServletContext : Initializing Spring TestDispatcherServlet ''
2020-04-21 23:45:06.985  INFO 15345 --- [    Test worker] o.s.t.web.servlet.TestDispatcherServlet  : Initializing Servlet ''
2020-04-21 23:45:06.998  INFO 15345 --- [    Test worker] o.s.t.web.servlet.TestDispatcherServlet  : Completed initialization in 13 ms
2020-04-21 23:45:07.012  INFO 15345 --- [    Test worker] c.h.s.loanapi.api.LoanControllerTest     : Started LoanControllerTest in 0.506 seconds (JVM running for 6.156)
]]></system-out>
  <system-err><![CDATA[]]></system-err>
</testsuite>
