<?xml version="1.0" encoding="UTF-8"?>
<testsuite name="com.hatef.swedbank.loanapi.api.LoanControllerTest" tests="3" skipped="0" failures="0" errors="0" timestamp="2020-04-21T20:15:14" hostname="MacBook-Pro.local" time="0.523">
  <properties/>
  <testcase name="givenSomeLoanIsSentRecently_shouldReturnStatistics" classname="com.hatef.swedbank.loanapi.api.LoanControllerTest" time="0.27"/>
  <testcase name="givenLoanRequest_whenManagerApproves_thenChangeLoanStatusToApproved" classname="com.hatef.swedbank.loanapi.api.LoanControllerTest" time="0.221"/>
  <testcase name="givenLoanDetails_whenSendRequest_thenReturnLoanRequest" classname="com.hatef.swedbank.loanapi.api.LoanControllerTest" time="0.024"/>
  <system-out><![CDATA[2020-04-21 23:15:13.817  INFO 13643 --- [    Test worker] .b.t.a.w.s.WebMvcTestContextBootstrapper : Neither @ContextConfiguration nor @ContextHierarchy found for test class [com.hatef.swedbank.loanapi.api.LoanControllerTest], using SpringBootContextLoader
2020-04-21 23:15:13.818  INFO 13643 --- [    Test worker] o.s.t.c.support.AbstractContextLoader    : Could not detect default resource locations for test class [com.hatef.swedbank.loanapi.api.LoanControllerTest]: no resource found for suffixes {-context.xml, Context.groovy}.
2020-04-21 23:15:13.818  INFO 13643 --- [    Test worker] t.c.s.AnnotationConfigContextLoaderUtils : Could not detect default configuration classes for test class [com.hatef.swedbank.loanapi.api.LoanControllerTest]: LoanControllerTest does not declare any static, non-private, non-final, nested classes annotated with @Configuration.
2020-04-21 23:15:13.850  INFO 13643 --- [    Test worker] .b.t.c.SpringBootTestContextBootstrapper : Found @SpringBootConfiguration com.hatef.swedbank.loanapi.LoanapiApplication for test class com.hatef.swedbank.loanapi.api.LoanControllerTest
2020-04-21 23:15:13.870  INFO 13643 --- [    Test worker] .b.t.a.w.s.WebMvcTestContextBootstrapper : Loaded default TestExecutionListener class names from location [META-INF/spring.factories]: [org.springframework.boot.test.autoconfigure.restdocs.RestDocsTestExecutionListener, org.springframework.boot.test.autoconfigure.web.client.MockRestServiceServerResetTestExecutionListener, org.springframework.boot.test.autoconfigure.web.servlet.MockMvcPrintOnlyOnFailureTestExecutionListener, org.springframework.boot.test.autoconfigure.web.servlet.WebDriverTestExecutionListener, org.springframework.boot.test.mock.mockito.MockitoTestExecutionListener, org.springframework.boot.test.mock.mockito.ResetMocksTestExecutionListener, org.springframework.test.context.web.ServletTestExecutionListener, org.springframework.test.context.support.DirtiesContextBeforeModesTestExecutionListener, org.springframework.test.context.support.DependencyInjectionTestExecutionListener, org.springframework.test.context.support.DirtiesContextTestExecutionListener, org.springframework.test.context.transaction.TransactionalTestExecutionListener, org.springframework.test.context.jdbc.SqlScriptsTestExecutionListener, org.springframework.test.context.event.EventPublishingTestExecutionListener]
2020-04-21 23:15:13.882  INFO 13643 --- [    Test worker] .b.t.a.w.s.WebMvcTestContextBootstrapper : Using TestExecutionListeners: [org.springframework.test.context.web.ServletTestExecutionListener@42101c6e, org.springframework.test.context.support.DirtiesContextBeforeModesTestExecutionListener@1a8f542c, org.springframework.boot.test.mock.mockito.MockitoTestExecutionListener@21b4fbab, org.springframework.boot.test.autoconfigure.SpringBootDependencyInjectionTestExecutionListener@49be6e21, org.springframework.test.context.support.DirtiesContextTestExecutionListener@b8fe814, org.springframework.test.context.event.EventPublishingTestExecutionListener@6bc1f37d, org.springframework.boot.test.autoconfigure.restdocs.RestDocsTestExecutionListener@6d2e340d, org.springframework.boot.test.autoconfigure.web.client.MockRestServiceServerResetTestExecutionListener@57db80ef, org.springframework.boot.test.autoconfigure.web.servlet.MockMvcPrintOnlyOnFailureTestExecutionListener@23601d48, org.springframework.boot.test.autoconfigure.web.servlet.WebDriverTestExecutionListener@475e4842, org.springframework.boot.test.mock.mockito.ResetMocksTestExecutionListener@5b4c82f8]

  .   ____          _            __ _ _
 /\\ / ___'_ __ _ _(_)_ __  __ _ \ \ \ \
( ( )\___ | '_ | '_| | '_ \/ _` | \ \ \ \
 \\/  ___)| |_)| | | | | || (_| |  ) ) ) )
  '  |____| .__|_| |_|_| |_\__, | / / / /
 =========|_|==============|___/=/_/_/_/
 :: Spring Boot ::        (v2.2.5.RELEASE)

2020-04-21 23:15:13.965  INFO 13643 --- [    Test worker] c.h.s.loanapi.api.LoanControllerTest     : Starting LoanControllerTest on MacBook-Pro.local with PID 13643 (started by hatefpalizgar in /Users/hatefpalizgar/Downloads/loan-restapi-springboot)
2020-04-21 23:15:13.969  INFO 13643 --- [    Test worker] c.h.s.loanapi.api.LoanControllerTest     : No active profile set, falling back to default profiles: default
2020-04-21 23:15:14.355  INFO 13643 --- [    Test worker] o.s.s.concurrent.ThreadPoolTaskExecutor  : Initializing ExecutorService 'applicationTaskExecutor'
2020-04-21 23:15:14.523  INFO 13643 --- [    Test worker] o.s.b.t.m.w.SpringBootMockServletContext : Initializing Spring TestDispatcherServlet ''
2020-04-21 23:15:14.523  INFO 13643 --- [    Test worker] o.s.t.web.servlet.TestDispatcherServlet  : Initializing Servlet ''
2020-04-21 23:15:14.537  INFO 13643 --- [    Test worker] o.s.t.web.servlet.TestDispatcherServlet  : Completed initialization in 14 ms
2020-04-21 23:15:14.563  INFO 13643 --- [    Test worker] c.h.s.loanapi.api.LoanControllerTest     : Started LoanControllerTest in 0.671 seconds (JVM running for 7.494)
]]></system-out>
  <system-err><![CDATA[]]></system-err>
</testsuite>
