<?xml version="1.0" encoding="UTF-8"?>
<testsuite name="com.hatef.swedbank.loanapi.api.LoanControllerTest" tests="3" skipped="0" failures="0" errors="0" timestamp="2020-03-27T01:06:53" hostname="MacBook-Pro.local" time="0.433">
  <properties/>
  <testcase name="givenSomeLoanIsSentRecently_shouldReturnStatistics" classname="com.hatef.swedbank.loanapi.api.LoanControllerTest" time="0.207"/>
  <testcase name="givenLoanRequest_whenManagerApproves_thenChangeLoanStatusToApproved" classname="com.hatef.swedbank.loanapi.api.LoanControllerTest" time="0.203"/>
  <testcase name="givenLoanDetails_whenSendRequest_thenReturnLoanRequest" classname="com.hatef.swedbank.loanapi.api.LoanControllerTest" time="0.02"/>
  <system-out><![CDATA[2020-03-27 03:06:52.835  INFO 39650 --- [    Test worker] .b.t.a.w.s.WebMvcTestContextBootstrapper : Neither @ContextConfiguration nor @ContextHierarchy found for test class [com.hatef.swedbank.loanapi.api.LoanControllerTest], using SpringBootContextLoader
2020-03-27 03:06:52.836  INFO 39650 --- [    Test worker] o.s.t.c.support.AbstractContextLoader    : Could not detect default resource locations for test class [com.hatef.swedbank.loanapi.api.LoanControllerTest]: no resource found for suffixes {-context.xml, Context.groovy}.
2020-03-27 03:06:52.836  INFO 39650 --- [    Test worker] t.c.s.AnnotationConfigContextLoaderUtils : Could not detect default configuration classes for test class [com.hatef.swedbank.loanapi.api.LoanControllerTest]: LoanControllerTest does not declare any static, non-private, non-final, nested classes annotated with @Configuration.
2020-03-27 03:06:52.858  INFO 39650 --- [    Test worker] .b.t.c.SpringBootTestContextBootstrapper : Found @SpringBootConfiguration com.hatef.swedbank.loanapi.LoanapiApplication for test class com.hatef.swedbank.loanapi.api.LoanControllerTest
2020-03-27 03:06:52.860  INFO 39650 --- [    Test worker] .b.t.a.w.s.WebMvcTestContextBootstrapper : Loaded default TestExecutionListener class names from location [META-INF/spring.factories]: [org.springframework.boot.test.autoconfigure.restdocs.RestDocsTestExecutionListener, org.springframework.boot.test.autoconfigure.web.client.MockRestServiceServerResetTestExecutionListener, org.springframework.boot.test.autoconfigure.web.servlet.MockMvcPrintOnlyOnFailureTestExecutionListener, org.springframework.boot.test.autoconfigure.web.servlet.WebDriverTestExecutionListener, org.springframework.boot.test.mock.mockito.MockitoTestExecutionListener, org.springframework.boot.test.mock.mockito.ResetMocksTestExecutionListener, org.springframework.test.context.web.ServletTestExecutionListener, org.springframework.test.context.support.DirtiesContextBeforeModesTestExecutionListener, org.springframework.test.context.support.DependencyInjectionTestExecutionListener, org.springframework.test.context.support.DirtiesContextTestExecutionListener, org.springframework.test.context.transaction.TransactionalTestExecutionListener, org.springframework.test.context.jdbc.SqlScriptsTestExecutionListener, org.springframework.test.context.event.EventPublishingTestExecutionListener]
2020-03-27 03:06:52.861  INFO 39650 --- [    Test worker] .b.t.a.w.s.WebMvcTestContextBootstrapper : Using TestExecutionListeners: [org.springframework.test.context.web.ServletTestExecutionListener@4324e01f, org.springframework.test.context.support.DirtiesContextBeforeModesTestExecutionListener@695aa48b, org.springframework.boot.test.mock.mockito.MockitoTestExecutionListener@50556005, org.springframework.boot.test.autoconfigure.SpringBootDependencyInjectionTestExecutionListener@3999964a, org.springframework.test.context.support.DirtiesContextTestExecutionListener@5d59bd7e, org.springframework.test.context.transaction.TransactionalTestExecutionListener@619b34a2, org.springframework.test.context.jdbc.SqlScriptsTestExecutionListener@1a3535dc, org.springframework.test.context.event.EventPublishingTestExecutionListener@6f6bdb16, org.springframework.boot.test.autoconfigure.restdocs.RestDocsTestExecutionListener@7f4929c8, org.springframework.boot.test.autoconfigure.web.client.MockRestServiceServerResetTestExecutionListener@474f2ca7, org.springframework.boot.test.autoconfigure.web.servlet.MockMvcPrintOnlyOnFailureTestExecutionListener@74677a47, org.springframework.boot.test.autoconfigure.web.servlet.WebDriverTestExecutionListener@45e5acb6, org.springframework.boot.test.mock.mockito.ResetMocksTestExecutionListener@7354caab]

  .   ____          _            __ _ _
 /\\ / ___'_ __ _ _(_)_ __  __ _ \ \ \ \
( ( )\___ | '_ | '_| | '_ \/ _` | \ \ \ \
 \\/  ___)| |_)| | | | | || (_| |  ) ) ) )
  '  |____| .__|_| |_|_| |_\__, | / / / /
 =========|_|==============|___/=/_/_/_/
 :: Spring Boot ::        (v2.2.5.RELEASE)

2020-03-27 03:06:52.902  INFO 39650 --- [    Test worker] c.h.s.loanapi.api.LoanControllerTest     : Starting LoanControllerTest on MacBook-Pro.local with PID 39650 (started by hatefpalizgar in /Users/hatefpalizgar/Downloads/loan-restapi-springboot)
2020-03-27 03:06:52.903  INFO 39650 --- [    Test worker] c.h.s.loanapi.api.LoanControllerTest     : No active profile set, falling back to default profiles: default
2020-03-27 03:06:53.263  INFO 39650 --- [    Test worker] o.s.s.concurrent.ThreadPoolTaskExecutor  : Initializing ExecutorService 'applicationTaskExecutor'
2020-03-27 03:06:53.423  INFO 39650 --- [    Test worker] o.s.b.t.m.w.SpringBootMockServletContext : Initializing Spring TestDispatcherServlet ''
2020-03-27 03:06:53.424  INFO 39650 --- [    Test worker] o.s.t.web.servlet.TestDispatcherServlet  : Initializing Servlet ''
2020-03-27 03:06:53.444  INFO 39650 --- [    Test worker] o.s.t.web.servlet.TestDispatcherServlet  : Completed initialization in 19 ms
2020-03-27 03:06:53.460  INFO 39650 --- [    Test worker] c.h.s.loanapi.api.LoanControllerTest     : Started LoanControllerTest in 0.594 seconds (JVM running for 7.92)
]]></system-out>
  <system-err><![CDATA[]]></system-err>
</testsuite>
