<?xml version="1.0" encoding="UTF-8"?>
<testsuite name="com.hatef.swedbank.loanapi.api.LoanControllerTest" tests="3" skipped="0" failures="0" errors="0" timestamp="2020-04-21T20:17:37" hostname="MacBook-Pro.local" time="0.516">
  <properties/>
  <testcase name="givenSomeLoanIsSentRecently_shouldReturnStatistics" classname="com.hatef.swedbank.loanapi.api.LoanControllerTest" time="0.287"/>
  <testcase name="givenLoanRequest_whenManagerApproves_thenChangeLoanStatusToApproved" classname="com.hatef.swedbank.loanapi.api.LoanControllerTest" time="0.197"/>
  <testcase name="givenLoanDetails_whenSendRequest_thenReturnLoanRequest" classname="com.hatef.swedbank.loanapi.api.LoanControllerTest" time="0.026"/>
  <system-out><![CDATA[2020-04-21 23:17:36.707  INFO 13853 --- [    Test worker] .b.t.a.w.s.WebMvcTestContextBootstrapper : Neither @ContextConfiguration nor @ContextHierarchy found for test class [com.hatef.swedbank.loanapi.api.LoanControllerTest], using SpringBootContextLoader
2020-04-21 23:17:36.708  INFO 13853 --- [    Test worker] o.s.t.c.support.AbstractContextLoader    : Could not detect default resource locations for test class [com.hatef.swedbank.loanapi.api.LoanControllerTest]: no resource found for suffixes {-context.xml, Context.groovy}.
2020-04-21 23:17:36.708  INFO 13853 --- [    Test worker] t.c.s.AnnotationConfigContextLoaderUtils : Could not detect default configuration classes for test class [com.hatef.swedbank.loanapi.api.LoanControllerTest]: LoanControllerTest does not declare any static, non-private, non-final, nested classes annotated with @Configuration.
2020-04-21 23:17:36.812  INFO 13853 --- [    Test worker] .b.t.c.SpringBootTestContextBootstrapper : Found @SpringBootConfiguration com.hatef.swedbank.loanapi.LoanapiApplication for test class com.hatef.swedbank.loanapi.api.LoanControllerTest
2020-04-21 23:17:36.814  INFO 13853 --- [    Test worker] .b.t.a.w.s.WebMvcTestContextBootstrapper : Loaded default TestExecutionListener class names from location [META-INF/spring.factories]: [org.springframework.boot.test.autoconfigure.restdocs.RestDocsTestExecutionListener, org.springframework.boot.test.autoconfigure.web.client.MockRestServiceServerResetTestExecutionListener, org.springframework.boot.test.autoconfigure.web.servlet.MockMvcPrintOnlyOnFailureTestExecutionListener, org.springframework.boot.test.autoconfigure.web.servlet.WebDriverTestExecutionListener, org.springframework.boot.test.mock.mockito.MockitoTestExecutionListener, org.springframework.boot.test.mock.mockito.ResetMocksTestExecutionListener, org.springframework.test.context.web.ServletTestExecutionListener, org.springframework.test.context.support.DirtiesContextBeforeModesTestExecutionListener, org.springframework.test.context.support.DependencyInjectionTestExecutionListener, org.springframework.test.context.support.DirtiesContextTestExecutionListener, org.springframework.test.context.transaction.TransactionalTestExecutionListener, org.springframework.test.context.jdbc.SqlScriptsTestExecutionListener, org.springframework.test.context.event.EventPublishingTestExecutionListener]
2020-04-21 23:17:36.816  INFO 13853 --- [    Test worker] .b.t.a.w.s.WebMvcTestContextBootstrapper : Using TestExecutionListeners: [org.springframework.test.context.web.ServletTestExecutionListener@5f54f168, org.springframework.test.context.support.DirtiesContextBeforeModesTestExecutionListener@2b8442ba, org.springframework.boot.test.mock.mockito.MockitoTestExecutionListener@299b0fb0, org.springframework.boot.test.autoconfigure.SpringBootDependencyInjectionTestExecutionListener@39a8b1ec, org.springframework.test.context.support.DirtiesContextTestExecutionListener@418fd800, org.springframework.test.context.event.EventPublishingTestExecutionListener@4897c319, org.springframework.boot.test.autoconfigure.restdocs.RestDocsTestExecutionListener@3980a334, org.springframework.boot.test.autoconfigure.web.client.MockRestServiceServerResetTestExecutionListener@45db4239, org.springframework.boot.test.autoconfigure.web.servlet.MockMvcPrintOnlyOnFailureTestExecutionListener@7a2bcd5a, org.springframework.boot.test.autoconfigure.web.servlet.WebDriverTestExecutionListener@c52460d, org.springframework.boot.test.mock.mockito.ResetMocksTestExecutionListener@3077cdb0]

  .   ____          _            __ _ _
 /\\ / ___'_ __ _ _(_)_ __  __ _ \ \ \ \
( ( )\___ | '_ | '_| | '_ \/ _` | \ \ \ \
 \\/  ___)| |_)| | | | | || (_| |  ) ) ) )
  '  |____| .__|_| |_|_| |_\__, | / / / /
 =========|_|==============|___/=/_/_/_/
 :: Spring Boot ::        (v2.2.5.RELEASE)

2020-04-21 23:17:36.890  INFO 13853 --- [    Test worker] c.h.s.loanapi.api.LoanControllerTest     : Starting LoanControllerTest on MacBook-Pro.local with PID 13853 (started by hatefpalizgar in /Users/hatefpalizgar/Downloads/loan-restapi-springboot)
2020-04-21 23:17:36.892  INFO 13853 --- [    Test worker] c.h.s.loanapi.api.LoanControllerTest     : No active profile set, falling back to default profiles: default
2020-04-21 23:17:37.259  INFO 13853 --- [    Test worker] o.s.s.concurrent.ThreadPoolTaskExecutor  : Initializing ExecutorService 'applicationTaskExecutor'
2020-04-21 23:17:37.393  INFO 13853 --- [    Test worker] o.s.b.t.m.w.SpringBootMockServletContext : Initializing Spring TestDispatcherServlet ''
2020-04-21 23:17:37.394  INFO 13853 --- [    Test worker] o.s.t.web.servlet.TestDispatcherServlet  : Initializing Servlet ''
2020-04-21 23:17:37.407  INFO 13853 --- [    Test worker] o.s.t.web.servlet.TestDispatcherServlet  : Completed initialization in 13 ms
2020-04-21 23:17:37.440  INFO 13853 --- [    Test worker] c.h.s.loanapi.api.LoanControllerTest     : Started LoanControllerTest in 0.621 seconds (JVM running for 7.404)
]]></system-out>
  <system-err><![CDATA[]]></system-err>
</testsuite>
